[0318/143852:ERROR:main_delegate.cc(766)] Could not load cef_extensions.pak
[0318/143852:ERROR:main_delegate.cc(766)] Could not load cef_extensions.pak
[0318/143853:ERROR:main_delegate.cc(766)] Could not load cef_extensions.pak
[0318/143921:ERROR:main_delegate.cc(766)] Could not load cef_extensions.pak
[0318/143943:ERROR:main_delegate.cc(766)] Could not load cef_extensions.pak
[0318/143943:ERROR:main_delegate.cc(766)] Could not load cef_extensions.pak
[0318/143943:ERROR:main_delegate.cc(766)] Could not load cef_extensions.pak
[0318/144432:ERROR:ipc_channel_win.cc(217)] pipe error: 109



ÕÅÑîÂ·800
2305[0710/180739:WARNING:dns_config_service_win.cc(674)] Failed to read DnsConfig.
[0710/180739:WARNING:dns_config_service_win.cc(674)] Failed to read DnsConfig.
[0711/095015:WARNING:dns_config_service_win.cc(674)] Failed to read DnsConfig.
[0711/095016:WARNING:dns_config_service_win.cc(674)] Failed to read DnsConfig.
[0711/095016:WARNING:dns_config_service_win.cc(674)] Failed to read DnsConfig.
[0711/095016:WARNING:dns_config_service_win.cc(674)] Failed to read DnsConfig.
[0711/101940:WARNING:dns_config_service_win.cc(674)] Failed to read DnsConfig.
[0711/101940:WARNING:dns_config_service_win.cc(674)] Failed to read DnsConfig.
[0711/102154:WARNING:dns_config_service_win.cc(674)] Failed to read DnsConfig.
[0711/102154:WARNING:dns_config_service_win.cc(674)] Failed to read DnsConfig.
[0711/102154:WARNING:dns_config_service_win.cc(674)] Failed to read DnsConfig.
[0711/113947:WARNING:dns_config_service_win.cc(674)] Failed to read DnsConfig.
[0711/130013:WARNING:dns_config_service_win.cc(674)] Failed to read DnsConfig.
[0711/173726:WARNING:dns_config_service_win.cc(674)] Failed to read DnsConfig.
[0711/173726:WARNING:dns_config_service_win.cc(674)] Failed to read DnsConfig.
[0711/173727:WARNING:dns_config_service_win.cc(674)] Failed to read DnsConfig.
[0712/093027:WARNING:dns_config_service_win.cc(674)] Failed to read DnsConfig.
[0712/093028:WARNING:dns_config_service_win.cc(674)] Failed to read DnsConfig.
[0712/093028:WARNING:dns_config_service_win.cc(674)] Failed to read DnsConfig.
[0805/163529:WARNING:dns_config_service_win.cc(674)] Failed to read DnsConfig.
[0805/163545:WARNING:dns_config_service_win.cc(674)] Failed to read DnsConfig.
[0805/173721:WARNING:dns_config_service_win.cc(674)] Failed to read DnsConfig.
[0805/173742:WARNING:dns_config_service_win.cc(674)] Failed to read DnsConfig.
[0806/114837:WARNING:dns_config_service_win.cc(674)] Failed to read DnsConfig.
[0806/125109:WARNING:dns_config_service_win.cc(674)] Failed to read DnsConfig.
[0806/125110:WARNING:dns_config_service_win.cc(674)] Failed to read DnsConfig.
[0806/140844:WARNING:dns_config_service_win.cc(674)] Failed to read DnsConfig.
[0806/175018:WARNING:dns_config_service_win.cc(674)] Failed to read DnsConfig.
[0807/092123:WARNING:dns_config_service_win.cc(674)] Failed to read DnsConfig.
[0807/092124:WARNING:dns_config_service_win.cc(674)] Failed to read DnsConfig.
[0807/092124:WARNING:dns_config_service_win.cc(674)] Failed to read DnsConfig.
[0807/124912:WARNING:dns_config_service_win.cc(674)] Failed to read DnsConfig.
[0807/125025:WARNING:dns_config_service_win.cc(674)] Failed to read DnsConfig.
[0807/125025:WARNING:dns_config_service_win.cc(674)] Failed to read DnsConfig.
